[0.085s] DEBUG:colcon:Command line arguments: ['/usr/bin/colcon', 'build']
[0.085s] DEBUG:colcon:Parsed command line arguments: Namespace(log_base=None, log_level=None, verb_name='build', build_base='build', install_base='install', merge_install=False, symlink_install=False, test_result_base=None, continue_on_error=False, executor='parallel', parallel_workers=16, event_handlers=None, ignore_user_meta=False, metas=['./colcon.meta'], base_paths=['.'], packages_ignore=None, packages_ignore_regex=None, paths=None, packages_up_to=None, packages_up_to_regex=None, packages_above=None, packages_above_and_dependencies=None, packages_above_depth=None, packages_select_by_dep=None, packages_skip_by_dep=None, packages_skip_up_to=None, packages_select_build_failed=False, packages_skip_build_finished=False, packages_select_test_failures=False, packages_skip_test_passed=False, packages_select=None, packages_skip=None, packages_select_regex=None, packages_skip_regex=None, packages_start=None, packages_end=None, allow_overriding=[], cmake_args=None, cmake_target=None, cmake_target_skip_unavailable=False, cmake_clean_cache=False, cmake_clean_first=False, cmake_force_configure=False, ament_cmake_args=None, catkin_cmake_args=None, catkin_skip_building_tests=False, verb_parser=<colcon_defaults.argument_parser.defaults.DefaultArgumentsDecorator object at 0x7eaf46b4c400>, verb_extension=<colcon_core.verb.build.BuildVerb object at 0x7eaf46b17f40>, main=<bound method BuildVerb.main of <colcon_core.verb.build.BuildVerb object at 0x7eaf46b17f40>>)
[0.206s] Level 1:colcon.colcon_core.package_discovery:discover_packages(colcon_meta) check parameters
[0.206s] Level 1:colcon.colcon_core.package_discovery:discover_packages(recursive) check parameters
[0.207s] Level 1:colcon.colcon_core.package_discovery:discover_packages(ignore) check parameters
[0.207s] Level 1:colcon.colcon_core.package_discovery:discover_packages(path) check parameters
[0.207s] Level 1:colcon.colcon_core.package_discovery:discover_packages(colcon_meta) discover
[0.207s] Level 1:colcon.colcon_core.package_discovery:discover_packages(recursive) discover
[0.207s] INFO:colcon.colcon_core.package_discovery:Crawling recursively for packages in '/home/wstlxy/ROS2_Learning_copy'
[0.207s] Level 1:colcon.colcon_core.package_identification:_identify(.) by extensions ['ignore', 'ignore_ament_install']
[0.207s] Level 1:colcon.colcon_core.package_identification:_identify(.) by extension 'ignore'
[0.207s] Level 1:colcon.colcon_core.package_identification:_identify(.) by extension 'ignore_ament_install'
[0.207s] Level 1:colcon.colcon_core.package_identification:_identify(.) by extensions ['colcon_pkg']
[0.207s] Level 1:colcon.colcon_core.package_identification:_identify(.) by extension 'colcon_pkg'
[0.207s] Level 1:colcon.colcon_core.package_identification:_identify(.) by extensions ['colcon_meta']
[0.207s] Level 1:colcon.colcon_core.package_identification:_identify(.) by extension 'colcon_meta'
[0.207s] Level 1:colcon.colcon_core.package_identification:_identify(.) by extensions ['ros']
[0.207s] Level 1:colcon.colcon_core.package_identification:_identify(.) by extension 'ros'
[0.216s] Level 1:colcon.colcon_core.package_identification:_identify(.) by extensions ['cmake', 'python']
[0.216s] Level 1:colcon.colcon_core.package_identification:_identify(.) by extension 'cmake'
[0.216s] Level 1:colcon.colcon_core.package_identification:_identify(.) by extension 'python'
[0.216s] Level 1:colcon.colcon_core.package_identification:_identify(.) by extensions ['python_setup_py']
[0.216s] Level 1:colcon.colcon_core.package_identification:_identify(.) by extension 'python_setup_py'
[0.216s] Level 1:colcon.colcon_core.package_identification:_identify(build) by extensions ['ignore', 'ignore_ament_install']
[0.216s] Level 1:colcon.colcon_core.package_identification:_identify(build) by extension 'ignore'
[0.216s] Level 1:colcon.colcon_core.package_identification:_identify(build) ignored
[0.216s] Level 1:colcon.colcon_core.package_identification:_identify(install) by extensions ['ignore', 'ignore_ament_install']
[0.216s] Level 1:colcon.colcon_core.package_identification:_identify(install) by extension 'ignore'
[0.216s] Level 1:colcon.colcon_core.package_identification:_identify(install) ignored
[0.216s] Level 1:colcon.colcon_core.package_identification:_identify(log) by extensions ['ignore', 'ignore_ament_install']
[0.217s] Level 1:colcon.colcon_core.package_identification:_identify(log) by extension 'ignore'
[0.217s] Level 1:colcon.colcon_core.package_identification:_identify(log) ignored
[0.217s] Level 1:colcon.colcon_core.package_identification:_identify(src) by extensions ['ignore', 'ignore_ament_install']
[0.217s] Level 1:colcon.colcon_core.package_identification:_identify(src) by extension 'ignore'
[0.217s] Level 1:colcon.colcon_core.package_identification:_identify(src) by extension 'ignore_ament_install'
[0.217s] Level 1:colcon.colcon_core.package_identification:_identify(src) by extensions ['colcon_pkg']
[0.217s] Level 1:colcon.colcon_core.package_identification:_identify(src) by extension 'colcon_pkg'
[0.217s] Level 1:colcon.colcon_core.package_identification:_identify(src) by extensions ['colcon_meta']
[0.217s] Level 1:colcon.colcon_core.package_identification:_identify(src) by extension 'colcon_meta'
[0.217s] Level 1:colcon.colcon_core.package_identification:_identify(src) by extensions ['ros']
[0.217s] Level 1:colcon.colcon_core.package_identification:_identify(src) by extension 'ros'
[0.217s] Level 1:colcon.colcon_core.package_identification:_identify(src) by extensions ['cmake', 'python']
[0.217s] Level 1:colcon.colcon_core.package_identification:_identify(src) by extension 'cmake'
[0.217s] Level 1:colcon.colcon_core.package_identification:_identify(src) by extension 'python'
[0.217s] Level 1:colcon.colcon_core.package_identification:_identify(src) by extensions ['python_setup_py']
[0.217s] Level 1:colcon.colcon_core.package_identification:_identify(src) by extension 'python_setup_py'
[0.217s] Level 1:colcon.colcon_core.package_identification:_identify(src/fishbot_description) by extensions ['ignore', 'ignore_ament_install']
[0.217s] Level 1:colcon.colcon_core.package_identification:_identify(src/fishbot_description) by extension 'ignore'
[0.217s] Level 1:colcon.colcon_core.package_identification:_identify(src/fishbot_description) by extension 'ignore_ament_install'
[0.217s] Level 1:colcon.colcon_core.package_identification:_identify(src/fishbot_description) by extensions ['colcon_pkg']
[0.217s] Level 1:colcon.colcon_core.package_identification:_identify(src/fishbot_description) by extension 'colcon_pkg'
[0.217s] Level 1:colcon.colcon_core.package_identification:_identify(src/fishbot_description) by extensions ['colcon_meta']
[0.217s] Level 1:colcon.colcon_core.package_identification:_identify(src/fishbot_description) by extension 'colcon_meta'
[0.217s] Level 1:colcon.colcon_core.package_identification:_identify(src/fishbot_description) by extensions ['ros']
[0.217s] Level 1:colcon.colcon_core.package_identification:_identify(src/fishbot_description) by extension 'ros'
[0.219s] DEBUG:colcon.colcon_core.package_identification:Package 'src/fishbot_description' with type 'ros.ament_cmake' and name 'fishbot_description'
[0.220s] Level 1:colcon.colcon_core.package_identification:_identify(src/topic_text_video) by extensions ['ignore', 'ignore_ament_install']
[0.220s] Level 1:colcon.colcon_core.package_identification:_identify(src/topic_text_video) by extension 'ignore'
[0.220s] Level 1:colcon.colcon_core.package_identification:_identify(src/topic_text_video) by extension 'ignore_ament_install'
[0.220s] Level 1:colcon.colcon_core.package_identification:_identify(src/topic_text_video) by extensions ['colcon_pkg']
[0.220s] Level 1:colcon.colcon_core.package_identification:_identify(src/topic_text_video) by extension 'colcon_pkg'
[0.220s] Level 1:colcon.colcon_core.package_identification:_identify(src/topic_text_video) by extensions ['colcon_meta']
[0.220s] Level 1:colcon.colcon_core.package_identification:_identify(src/topic_text_video) by extension 'colcon_meta'
[0.220s] Level 1:colcon.colcon_core.package_identification:_identify(src/topic_text_video) by extensions ['ros']
[0.220s] Level 1:colcon.colcon_core.package_identification:_identify(src/topic_text_video) by extension 'ros'
[0.220s] DEBUG:colcon.colcon_core.package_identification:Package 'src/topic_text_video' with type 'ros.ament_python' and name 'topic_text_video'
[0.220s] Level 1:colcon.colcon_core.package_discovery:discover_packages(recursive) using defaults
[0.220s] Level 1:colcon.colcon_core.package_discovery:discover_packages(ignore) discover
[0.220s] Level 1:colcon.colcon_core.package_discovery:discover_packages(ignore) using defaults
[0.221s] Level 1:colcon.colcon_core.package_discovery:discover_packages(path) discover
[0.221s] Level 1:colcon.colcon_core.package_discovery:discover_packages(path) using defaults
[0.235s] Level 1:colcon.colcon_core.package_discovery:discover_packages(prefix_path) check parameters
[0.235s] Level 1:colcon.colcon_core.package_discovery:discover_packages(prefix_path) discover
[0.237s] DEBUG:colcon.colcon_installed_package_information.package_discovery:Found 2 installed packages in /home/wstlxy/ROS2_Learning_copy/install
[0.238s] DEBUG:colcon.colcon_installed_package_information.package_discovery:Found 325 installed packages in /opt/ros/humble
[0.247s] Level 1:colcon.colcon_core.package_discovery:discover_packages(prefix_path) using defaults
[0.278s] Level 5:colcon.colcon_core.verb:set package 'fishbot_description' build argument 'cmake_args' from command line to 'None'
[0.278s] Level 5:colcon.colcon_core.verb:set package 'fishbot_description' build argument 'cmake_target' from command line to 'None'
[0.278s] Level 5:colcon.colcon_core.verb:set package 'fishbot_description' build argument 'cmake_target_skip_unavailable' from command line to 'False'
[0.278s] Level 5:colcon.colcon_core.verb:set package 'fishbot_description' build argument 'cmake_clean_cache' from command line to 'False'
[0.278s] Level 5:colcon.colcon_core.verb:set package 'fishbot_description' build argument 'cmake_clean_first' from command line to 'False'
[0.278s] Level 5:colcon.colcon_core.verb:set package 'fishbot_description' build argument 'cmake_force_configure' from command line to 'False'
[0.278s] Level 5:colcon.colcon_core.verb:set package 'fishbot_description' build argument 'ament_cmake_args' from command line to 'None'
[0.278s] Level 5:colcon.colcon_core.verb:set package 'fishbot_description' build argument 'catkin_cmake_args' from command line to 'None'
[0.278s] Level 5:colcon.colcon_core.verb:set package 'fishbot_description' build argument 'catkin_skip_building_tests' from command line to 'False'
[0.279s] DEBUG:colcon.colcon_core.verb:Building package 'fishbot_description' with the following arguments: {'ament_cmake_args': None, 'build_base': '/home/wstlxy/ROS2_Learning_copy/build/fishbot_description', 'catkin_cmake_args': None, 'catkin_skip_building_tests': False, 'cmake_args': None, 'cmake_clean_cache': False, 'cmake_clean_first': False, 'cmake_force_configure': False, 'cmake_target': None, 'cmake_target_skip_unavailable': False, 'install_base': '/home/wstlxy/ROS2_Learning_copy/install/fishbot_description', 'merge_install': False, 'path': '/home/wstlxy/ROS2_Learning_copy/src/fishbot_description', 'symlink_install': False, 'test_result_base': None}
[0.279s] Level 5:colcon.colcon_core.verb:set package 'topic_text_video' build argument 'cmake_args' from command line to 'None'
[0.279s] Level 5:colcon.colcon_core.verb:set package 'topic_text_video' build argument 'cmake_target' from command line to 'None'
[0.279s] Level 5:colcon.colcon_core.verb:set package 'topic_text_video' build argument 'cmake_target_skip_unavailable' from command line to 'False'
[0.279s] Level 5:colcon.colcon_core.verb:set package 'topic_text_video' build argument 'cmake_clean_cache' from command line to 'False'
[0.279s] Level 5:colcon.colcon_core.verb:set package 'topic_text_video' build argument 'cmake_clean_first' from command line to 'False'
[0.279s] Level 5:colcon.colcon_core.verb:set package 'topic_text_video' build argument 'cmake_force_configure' from command line to 'False'
[0.279s] Level 5:colcon.colcon_core.verb:set package 'topic_text_video' build argument 'ament_cmake_args' from command line to 'None'
[0.279s] Level 5:colcon.colcon_core.verb:set package 'topic_text_video' build argument 'catkin_cmake_args' from command line to 'None'
[0.279s] Level 5:colcon.colcon_core.verb:set package 'topic_text_video' build argument 'catkin_skip_building_tests' from command line to 'False'
[0.279s] DEBUG:colcon.colcon_core.verb:Building package 'topic_text_video' with the following arguments: {'ament_cmake_args': None, 'build_base': '/home/wstlxy/ROS2_Learning_copy/build/topic_text_video', 'catkin_cmake_args': None, 'catkin_skip_building_tests': False, 'cmake_args': None, 'cmake_clean_cache': False, 'cmake_clean_first': False, 'cmake_force_configure': False, 'cmake_target': None, 'cmake_target_skip_unavailable': False, 'install_base': '/home/wstlxy/ROS2_Learning_copy/install/topic_text_video', 'merge_install': False, 'path': '/home/wstlxy/ROS2_Learning_copy/src/topic_text_video', 'symlink_install': False, 'test_result_base': None}
[0.279s] INFO:colcon.colcon_core.executor:Executing jobs using 'parallel' executor
[0.280s] DEBUG:colcon.colcon_parallel_executor.executor.parallel:run_until_complete
[0.281s] INFO:colcon.colcon_ros.task.ament_cmake.build:Building ROS package in '/home/wstlxy/ROS2_Learning_copy/src/fishbot_description' with build type 'ament_cmake'
[0.281s] INFO:colcon.colcon_cmake.task.cmake.build:Building CMake package in '/home/wstlxy/ROS2_Learning_copy/src/fishbot_description'
[0.283s] INFO:colcon.colcon_core.plugin_system:Skipping extension 'colcon_core.shell.bat': Not used on non-Windows systems
[0.283s] INFO:colcon.colcon_core.shell:Skip shell extension 'powershell' for command environment: Not usable outside of PowerShell
[0.283s] DEBUG:colcon.colcon_core.shell:Skip shell extension 'dsv' for command environment
[0.286s] INFO:colcon.colcon_ros.task.ament_python.build:Building ROS package in '/home/wstlxy/ROS2_Learning_copy/src/topic_text_video' with build type 'ament_python'
[0.287s] Level 1:colcon.colcon_core.shell:create_environment_hook('topic_text_video', 'ament_prefix_path')
[0.287s] INFO:colcon.colcon_core.shell:Creating environment hook '/home/wstlxy/ROS2_Learning_copy/install/topic_text_video/share/topic_text_video/hook/ament_prefix_path.ps1'
[0.287s] INFO:colcon.colcon_core.shell:Creating environment descriptor '/home/wstlxy/ROS2_Learning_copy/install/topic_text_video/share/topic_text_video/hook/ament_prefix_path.dsv'
[0.288s] INFO:colcon.colcon_core.shell:Creating environment hook '/home/wstlxy/ROS2_Learning_copy/install/topic_text_video/share/topic_text_video/hook/ament_prefix_path.sh'
[0.288s] INFO:colcon.colcon_core.shell:Skip shell extension 'powershell' for command environment: Not usable outside of PowerShell
[0.289s] DEBUG:colcon.colcon_core.shell:Skip shell extension 'dsv' for command environment
[0.299s] DEBUG:colcon.colcon_core.event_handler.log_command:Invoking command in '/home/wstlxy/ROS2_Learning_copy/build/fishbot_description': CMAKE_PREFIX_PATH=${CMAKE_PREFIX_PATH}:/home/wstlxy/ROS2_Learning_copy/install/topic_text_video:/opt/ros/humble /usr/bin/cmake --build /home/wstlxy/ROS2_Learning_copy/build/fishbot_description -- -j16 -l16
[0.487s] INFO:colcon.colcon_core.task.python.build:Building Python package in '/home/wstlxy/ROS2_Learning_copy/src/topic_text_video'
[0.488s] INFO:colcon.colcon_core.shell:Skip shell extension 'powershell' for command environment: Not usable outside of PowerShell
[0.488s] DEBUG:colcon.colcon_core.shell:Skip shell extension 'dsv' for command environment
[0.494s] DEBUG:colcon.colcon_core.event_handler.log_command:Invoked command in '/home/wstlxy/ROS2_Learning_copy/build/fishbot_description' returned '0': CMAKE_PREFIX_PATH=${CMAKE_PREFIX_PATH}:/home/wstlxy/ROS2_Learning_copy/install/topic_text_video:/opt/ros/humble /usr/bin/cmake --build /home/wstlxy/ROS2_Learning_copy/build/fishbot_description -- -j16 -l16
[0.504s] DEBUG:colcon.colcon_core.event_handler.log_command:Invoking command in '/home/wstlxy/ROS2_Learning_copy/build/fishbot_description': CMAKE_PREFIX_PATH=${CMAKE_PREFIX_PATH}:/home/wstlxy/ROS2_Learning_copy/install/topic_text_video:/opt/ros/humble /usr/bin/cmake --install /home/wstlxy/ROS2_Learning_copy/build/fishbot_description
[0.516s] Level 1:colcon.colcon_core.environment:create_environment_scripts_only(fishbot_description)
[0.517s] DEBUG:colcon.colcon_core.event_handler.log_command:Invoked command in '/home/wstlxy/ROS2_Learning_copy/build/fishbot_description' returned '0': CMAKE_PREFIX_PATH=${CMAKE_PREFIX_PATH}:/home/wstlxy/ROS2_Learning_copy/install/topic_text_video:/opt/ros/humble /usr/bin/cmake --install /home/wstlxy/ROS2_Learning_copy/build/fishbot_description
[0.518s] Level 1:colcon.colcon_core.environment:checking '/home/wstlxy/ROS2_Learning_copy/install/fishbot_description' for CMake module files
[0.519s] Level 1:colcon.colcon_core.environment:checking '/home/wstlxy/ROS2_Learning_copy/install/fishbot_description' for CMake config files
[0.519s] Level 1:colcon.colcon_core.shell:create_environment_hook('fishbot_description', 'cmake_prefix_path')
[0.519s] INFO:colcon.colcon_core.shell:Creating environment hook '/home/wstlxy/ROS2_Learning_copy/install/fishbot_description/share/fishbot_description/hook/cmake_prefix_path.ps1'
[0.520s] INFO:colcon.colcon_core.shell:Creating environment descriptor '/home/wstlxy/ROS2_Learning_copy/install/fishbot_description/share/fishbot_description/hook/cmake_prefix_path.dsv'
[0.520s] INFO:colcon.colcon_core.shell:Creating environment hook '/home/wstlxy/ROS2_Learning_copy/install/fishbot_description/share/fishbot_description/hook/cmake_prefix_path.sh'
[0.521s] Level 1:colcon.colcon_core.environment:checking '/home/wstlxy/ROS2_Learning_copy/install/fishbot_description/bin'
[0.521s] Level 1:colcon.colcon_core.environment:checking '/home/wstlxy/ROS2_Learning_copy/install/fishbot_description/lib/pkgconfig/fishbot_description.pc'
[0.521s] Level 1:colcon.colcon_core.environment:checking '/home/wstlxy/ROS2_Learning_copy/install/fishbot_description/lib/python3.10/site-packages'
[0.521s] Level 1:colcon.colcon_core.environment:checking '/home/wstlxy/ROS2_Learning_copy/install/fishbot_description/bin'
[0.522s] INFO:colcon.colcon_core.shell:Creating package script '/home/wstlxy/ROS2_Learning_copy/install/fishbot_description/share/fishbot_description/package.ps1'
[0.522s] INFO:colcon.colcon_core.shell:Creating package descriptor '/home/wstlxy/ROS2_Learning_copy/install/fishbot_description/share/fishbot_description/package.dsv'
[0.523s] INFO:colcon.colcon_core.shell:Creating package script '/home/wstlxy/ROS2_Learning_copy/install/fishbot_description/share/fishbot_description/package.sh'
[0.524s] INFO:colcon.colcon_core.shell:Creating package script '/home/wstlxy/ROS2_Learning_copy/install/fishbot_description/share/fishbot_description/package.bash'
[0.524s] INFO:colcon.colcon_core.shell:Creating package script '/home/wstlxy/ROS2_Learning_copy/install/fishbot_description/share/fishbot_description/package.zsh'
[0.525s] Level 1:colcon.colcon_core.environment:create_file_with_runtime_dependencies(/home/wstlxy/ROS2_Learning_copy/install/fishbot_description/share/colcon-core/packages/fishbot_description)
[0.525s] Level 1:colcon.colcon_core.environment:create_environment_scripts_only(fishbot_description)
[0.525s] Level 1:colcon.colcon_core.environment:checking '/home/wstlxy/ROS2_Learning_copy/install/fishbot_description' for CMake module files
[0.526s] Level 1:colcon.colcon_core.environment:checking '/home/wstlxy/ROS2_Learning_copy/install/fishbot_description' for CMake config files
[0.526s] Level 1:colcon.colcon_core.shell:create_environment_hook('fishbot_description', 'cmake_prefix_path')
[0.526s] INFO:colcon.colcon_core.shell:Creating environment hook '/home/wstlxy/ROS2_Learning_copy/install/fishbot_description/share/fishbot_description/hook/cmake_prefix_path.ps1'
[0.526s] INFO:colcon.colcon_core.shell:Creating environment descriptor '/home/wstlxy/ROS2_Learning_copy/install/fishbot_description/share/fishbot_description/hook/cmake_prefix_path.dsv'
[0.527s] INFO:colcon.colcon_core.shell:Creating environment hook '/home/wstlxy/ROS2_Learning_copy/install/fishbot_description/share/fishbot_description/hook/cmake_prefix_path.sh'
[0.527s] Level 1:colcon.colcon_core.environment:checking '/home/wstlxy/ROS2_Learning_copy/install/fishbot_description/bin'
[0.527s] Level 1:colcon.colcon_core.environment:checking '/home/wstlxy/ROS2_Learning_copy/install/fishbot_description/lib/pkgconfig/fishbot_description.pc'
[0.528s] Level 1:colcon.colcon_core.environment:checking '/home/wstlxy/ROS2_Learning_copy/install/fishbot_description/lib/python3.10/site-packages'
[0.528s] Level 1:colcon.colcon_core.environment:checking '/home/wstlxy/ROS2_Learning_copy/install/fishbot_description/bin'
[0.528s] INFO:colcon.colcon_core.shell:Creating package script '/home/wstlxy/ROS2_Learning_copy/install/fishbot_description/share/fishbot_description/package.ps1'
[0.528s] INFO:colcon.colcon_core.shell:Creating package descriptor '/home/wstlxy/ROS2_Learning_copy/install/fishbot_description/share/fishbot_description/package.dsv'
[0.529s] INFO:colcon.colcon_core.shell:Creating package script '/home/wstlxy/ROS2_Learning_copy/install/fishbot_description/share/fishbot_description/package.sh'
[0.529s] INFO:colcon.colcon_core.shell:Creating package script '/home/wstlxy/ROS2_Learning_copy/install/fishbot_description/share/fishbot_description/package.bash'
[0.530s] INFO:colcon.colcon_core.shell:Creating package script '/home/wstlxy/ROS2_Learning_copy/install/fishbot_description/share/fishbot_description/package.zsh'
[0.530s] Level 1:colcon.colcon_core.environment:create_file_with_runtime_dependencies(/home/wstlxy/ROS2_Learning_copy/install/fishbot_description/share/colcon-core/packages/fishbot_description)
[0.746s] DEBUG:colcon.colcon_core.event_handler.log_command:Invoking command in '/home/wstlxy/ROS2_Learning_copy/src/topic_text_video': PYTHONPATH=/home/wstlxy/ROS2_Learning_copy/build/topic_text_video/prefix_override:/usr/lib/python3/dist-packages/colcon_core/task/python/colcon_distutils_commands:/home/wstlxy/ROS2_Learning_copy/install/topic_text_video/lib/python3.10/site-packages:${PYTHONPATH} /usr/bin/python3 -W ignore:setup.py install is deprecated -W ignore:easy_install command is deprecated setup.py egg_info --egg-base ../../build/topic_text_video build --build-base /home/wstlxy/ROS2_Learning_copy/build/topic_text_video/build install --record /home/wstlxy/ROS2_Learning_copy/build/topic_text_video/install.log --single-version-externally-managed install_data
[0.963s] Level 1:colcon.colcon_core.environment:checking '/home/wstlxy/ROS2_Learning_copy/install/topic_text_video' for CMake module files
[0.963s] DEBUG:colcon.colcon_core.event_handler.log_command:Invoked command in '/home/wstlxy/ROS2_Learning_copy/src/topic_text_video' returned '0': PYTHONPATH=/home/wstlxy/ROS2_Learning_copy/build/topic_text_video/prefix_override:/usr/lib/python3/dist-packages/colcon_core/task/python/colcon_distutils_commands:/home/wstlxy/ROS2_Learning_copy/install/topic_text_video/lib/python3.10/site-packages:${PYTHONPATH} /usr/bin/python3 -W ignore:setup.py install is deprecated -W ignore:easy_install command is deprecated setup.py egg_info --egg-base ../../build/topic_text_video build --build-base /home/wstlxy/ROS2_Learning_copy/build/topic_text_video/build install --record /home/wstlxy/ROS2_Learning_copy/build/topic_text_video/install.log --single-version-externally-managed install_data
[0.964s] Level 1:colcon.colcon_core.environment:checking '/home/wstlxy/ROS2_Learning_copy/install/topic_text_video' for CMake config files
[0.964s] Level 1:colcon.colcon_core.environment:checking '/home/wstlxy/ROS2_Learning_copy/install/topic_text_video/lib'
[0.964s] Level 1:colcon.colcon_core.environment:checking '/home/wstlxy/ROS2_Learning_copy/install/topic_text_video/bin'
[0.965s] Level 1:colcon.colcon_core.environment:checking '/home/wstlxy/ROS2_Learning_copy/install/topic_text_video/lib/pkgconfig/topic_text_video.pc'
[0.965s] Level 1:colcon.colcon_core.environment:checking '/home/wstlxy/ROS2_Learning_copy/install/topic_text_video/lib/python3.10/site-packages'
[0.965s] Level 1:colcon.colcon_core.shell:create_environment_hook('topic_text_video', 'pythonpath')
[0.965s] INFO:colcon.colcon_core.shell:Creating environment hook '/home/wstlxy/ROS2_Learning_copy/install/topic_text_video/share/topic_text_video/hook/pythonpath.ps1'
[0.966s] INFO:colcon.colcon_core.shell:Creating environment descriptor '/home/wstlxy/ROS2_Learning_copy/install/topic_text_video/share/topic_text_video/hook/pythonpath.dsv'
[0.966s] INFO:colcon.colcon_core.shell:Creating environment hook '/home/wstlxy/ROS2_Learning_copy/install/topic_text_video/share/topic_text_video/hook/pythonpath.sh'
[0.967s] Level 1:colcon.colcon_core.environment:checking '/home/wstlxy/ROS2_Learning_copy/install/topic_text_video/bin'
[0.967s] Level 1:colcon.colcon_core.environment:create_environment_scripts_only(topic_text_video)
[0.967s] INFO:colcon.colcon_core.shell:Creating package script '/home/wstlxy/ROS2_Learning_copy/install/topic_text_video/share/topic_text_video/package.ps1'
[0.968s] INFO:colcon.colcon_core.shell:Creating package descriptor '/home/wstlxy/ROS2_Learning_copy/install/topic_text_video/share/topic_text_video/package.dsv'
[0.968s] INFO:colcon.colcon_core.shell:Creating package script '/home/wstlxy/ROS2_Learning_copy/install/topic_text_video/share/topic_text_video/package.sh'
[0.969s] INFO:colcon.colcon_core.shell:Creating package script '/home/wstlxy/ROS2_Learning_copy/install/topic_text_video/share/topic_text_video/package.bash'
[0.969s] INFO:colcon.colcon_core.shell:Creating package script '/home/wstlxy/ROS2_Learning_copy/install/topic_text_video/share/topic_text_video/package.zsh'
[0.969s] Level 1:colcon.colcon_core.environment:create_file_with_runtime_dependencies(/home/wstlxy/ROS2_Learning_copy/install/topic_text_video/share/colcon-core/packages/topic_text_video)
[0.970s] DEBUG:colcon.colcon_parallel_executor.executor.parallel:closing loop
[0.970s] DEBUG:colcon.colcon_parallel_executor.executor.parallel:loop closed
[0.971s] DEBUG:colcon.colcon_parallel_executor.executor.parallel:run_until_complete finished with '0'
[0.971s] DEBUG:colcon.colcon_core.event_reactor:joining thread
[0.975s] INFO:colcon.colcon_core.plugin_system:Skipping extension 'colcon_notification.desktop_notification.terminal_notifier': Not used on non-Darwin systems
[0.975s] INFO:colcon.colcon_core.plugin_system:Skipping extension 'colcon_notification.desktop_notification.win32': Not used on non-Windows systems
[0.975s] INFO:colcon.colcon_notification.desktop_notification:Sending desktop notification using 'notify2'
[0.987s] DEBUG:colcon.colcon_core.event_reactor:joined thread
[0.987s] INFO:colcon.colcon_core.shell:Creating prefix script '/home/wstlxy/ROS2_Learning_copy/install/local_setup.ps1'
[0.989s] INFO:colcon.colcon_core.shell:Creating prefix util module '/home/wstlxy/ROS2_Learning_copy/install/_local_setup_util_ps1.py'
[0.991s] INFO:colcon.colcon_core.shell:Creating prefix chain script '/home/wstlxy/ROS2_Learning_copy/install/setup.ps1'
[0.992s] INFO:colcon.colcon_core.shell:Creating prefix script '/home/wstlxy/ROS2_Learning_copy/install/local_setup.sh'
[0.992s] INFO:colcon.colcon_core.shell:Creating prefix util module '/home/wstlxy/ROS2_Learning_copy/install/_local_setup_util_sh.py'
[0.993s] INFO:colcon.colcon_core.shell:Creating prefix chain script '/home/wstlxy/ROS2_Learning_copy/install/setup.sh'
[0.994s] INFO:colcon.colcon_core.shell:Creating prefix script '/home/wstlxy/ROS2_Learning_copy/install/local_setup.bash'
[0.995s] INFO:colcon.colcon_core.shell:Creating prefix chain script '/home/wstlxy/ROS2_Learning_copy/install/setup.bash'
[0.996s] INFO:colcon.colcon_core.shell:Creating prefix script '/home/wstlxy/ROS2_Learning_copy/install/local_setup.zsh'
[0.996s] INFO:colcon.colcon_core.shell:Creating prefix chain script '/home/wstlxy/ROS2_Learning_copy/install/setup.zsh'
