[0.460s] Invoking command in '/home/wstlxy/ROS2_Learning_copy/src/topic_text_video': PYTHONPATH=/home/wstlxy/ROS2_Learning_copy/build/topic_text_video/prefix_override:/usr/lib/python3/dist-packages/colcon_core/task/python/colcon_distutils_commands:/home/wstlxy/ROS2_Learning_copy/install/topic_text_video/lib/python3.10/site-packages:${PYTHONPATH} /usr/bin/python3 -W ignore:setup.py install is deprecated -W ignore:easy_install command is deprecated setup.py egg_info --egg-base ../../build/topic_text_video build --build-base /home/wstlxy/ROS2_Learning_copy/build/topic_text_video/build install --record /home/wstlxy/ROS2_Learning_copy/build/topic_text_video/install.log --single-version-externally-managed install_data
[0.630s] running egg_info
[0.630s] writing ../../build/topic_text_video/topic_text_video.egg-info/PKG-INFO
[0.631s] writing dependency_links to ../../build/topic_text_video/topic_text_video.egg-info/dependency_links.txt
[0.631s] writing entry points to ../../build/topic_text_video/topic_text_video.egg-info/entry_points.txt
[0.631s] writing requirements to ../../build/topic_text_video/topic_text_video.egg-info/requires.txt
[0.631s] writing top-level names to ../../build/topic_text_video/topic_text_video.egg-info/top_level.txt
[0.633s] reading manifest file '../../build/topic_text_video/topic_text_video.egg-info/SOURCES.txt'
[0.634s] writing manifest file '../../build/topic_text_video/topic_text_video.egg-info/SOURCES.txt'
[0.634s] running build
[0.634s] running build_py
[0.634s] running install
[0.634s] running install_lib
[0.635s] running install_data
[0.635s] running install_egg_info
[0.637s] removing '/home/wstlxy/ROS2_Learning_copy/install/topic_text_video/lib/python3.10/site-packages/topic_text_video-0.0.0-py3.10.egg-info' (and everything under it)
[0.637s] Copying ../../build/topic_text_video/topic_text_video.egg-info to /home/wstlxy/ROS2_Learning_copy/install/topic_text_video/lib/python3.10/site-packages/topic_text_video-0.0.0-py3.10.egg-info
[0.638s] running install_scripts
[0.654s] Installing topic_text_publisher script to /home/wstlxy/ROS2_Learning_copy/install/topic_text_video/lib/topic_text_video
[0.654s] Installing topic_text_subscriber script to /home/wstlxy/ROS2_Learning_copy/install/topic_text_video/lib/topic_text_video
[0.654s] Installing topic_video_publisher script to /home/wstlxy/ROS2_Learning_copy/install/topic_text_video/lib/topic_text_video
[0.654s] Installing topic_video_subscriber script to /home/wstlxy/ROS2_Learning_copy/install/topic_text_video/lib/topic_text_video
[0.655s] writing list of installed files to '/home/wstlxy/ROS2_Learning_copy/build/topic_text_video/install.log'
[0.677s] Invoked command in '/home/wstlxy/ROS2_Learning_copy/src/topic_text_video' returned '0': PYTHONPATH=/home/wstlxy/ROS2_Learning_copy/build/topic_text_video/prefix_override:/usr/lib/python3/dist-packages/colcon_core/task/python/colcon_distutils_commands:/home/wstlxy/ROS2_Learning_copy/install/topic_text_video/lib/python3.10/site-packages:${PYTHONPATH} /usr/bin/python3 -W ignore:setup.py install is deprecated -W ignore:easy_install command is deprecated setup.py egg_info --egg-base ../../build/topic_text_video build --build-base /home/wstlxy/ROS2_Learning_copy/build/topic_text_video/build install --record /home/wstlxy/ROS2_Learning_copy/build/topic_text_video/install.log --single-version-externally-managed install_data
