[0.528s] Invoking command in '/home/wstlxy/ROS2_Learning_copy/src/topic_text_video': PYTHONPATH=/home/wstlxy/ROS2_Learning_copy/build/topic_text_video/prefix_override:/usr/lib/python3/dist-packages/colcon_core/task/python/colcon_distutils_commands:/home/wstlxy/ROS2_Learning_copy/install/topic_text_video/lib/python3.10/site-packages:${PYTHONPATH} /usr/bin/python3 -W ignore:setup.py install is deprecated -W ignore:easy_install command is deprecated setup.py egg_info --egg-base ../../build/topic_text_video build --build-base /home/wstlxy/ROS2_Learning_copy/build/topic_text_video/build install --record /home/wstlxy/ROS2_Learning_copy/build/topic_text_video/install.log --single-version-externally-managed install_data
[0.697s] running egg_info
[0.697s] creating ../../build/topic_text_video/topic_text_video.egg-info
[0.698s] writing ../../build/topic_text_video/topic_text_video.egg-info/PKG-INFO
[0.698s] writing dependency_links to ../../build/topic_text_video/topic_text_video.egg-info/dependency_links.txt
[0.698s] writing entry points to ../../build/topic_text_video/topic_text_video.egg-info/entry_points.txt
[0.698s] writing requirements to ../../build/topic_text_video/topic_text_video.egg-info/requires.txt
[0.699s] writing top-level names to ../../build/topic_text_video/topic_text_video.egg-info/top_level.txt
[0.699s] writing manifest file '../../build/topic_text_video/topic_text_video.egg-info/SOURCES.txt'
[0.700s] reading manifest file '../../build/topic_text_video/topic_text_video.egg-info/SOURCES.txt'
[0.700s] writing manifest file '../../build/topic_text_video/topic_text_video.egg-info/SOURCES.txt'
[0.700s] running build
[0.700s] running build_py
[0.701s] creating /home/wstlxy/ROS2_Learning_copy/build/topic_text_video/build
[0.701s] creating /home/wstlxy/ROS2_Learning_copy/build/topic_text_video/build/lib
[0.701s] creating /home/wstlxy/ROS2_Learning_copy/build/topic_text_video/build/lib/topic_text_video
[0.701s] copying topic_text_video/topic_video_subscriber.py -> /home/wstlxy/ROS2_Learning_copy/build/topic_text_video/build/lib/topic_text_video
[0.701s] copying topic_text_video/topic_text_subscriber.py -> /home/wstlxy/ROS2_Learning_copy/build/topic_text_video/build/lib/topic_text_video
[0.701s] copying topic_text_video/topic_text_publisher.py -> /home/wstlxy/ROS2_Learning_copy/build/topic_text_video/build/lib/topic_text_video
[0.702s] copying topic_text_video/topic_video_publisher.py -> /home/wstlxy/ROS2_Learning_copy/build/topic_text_video/build/lib/topic_text_video
[0.702s] copying topic_text_video/__init__.py -> /home/wstlxy/ROS2_Learning_copy/build/topic_text_video/build/lib/topic_text_video
[0.702s] running install
[0.702s] running install_lib
[0.702s] creating /home/wstlxy/ROS2_Learning_copy/install/topic_text_video/lib/python3.10/site-packages/topic_text_video
[0.702s] copying /home/wstlxy/ROS2_Learning_copy/build/topic_text_video/build/lib/topic_text_video/topic_video_subscriber.py -> /home/wstlxy/ROS2_Learning_copy/install/topic_text_video/lib/python3.10/site-packages/topic_text_video
[0.703s] copying /home/wstlxy/ROS2_Learning_copy/build/topic_text_video/build/lib/topic_text_video/topic_text_subscriber.py -> /home/wstlxy/ROS2_Learning_copy/install/topic_text_video/lib/python3.10/site-packages/topic_text_video
[0.703s] copying /home/wstlxy/ROS2_Learning_copy/build/topic_text_video/build/lib/topic_text_video/topic_text_publisher.py -> /home/wstlxy/ROS2_Learning_copy/install/topic_text_video/lib/python3.10/site-packages/topic_text_video
[0.703s] copying /home/wstlxy/ROS2_Learning_copy/build/topic_text_video/build/lib/topic_text_video/topic_video_publisher.py -> /home/wstlxy/ROS2_Learning_copy/install/topic_text_video/lib/python3.10/site-packages/topic_text_video
[0.703s] copying /home/wstlxy/ROS2_Learning_copy/build/topic_text_video/build/lib/topic_text_video/__init__.py -> /home/wstlxy/ROS2_Learning_copy/install/topic_text_video/lib/python3.10/site-packages/topic_text_video
[0.703s] byte-compiling /home/wstlxy/ROS2_Learning_copy/install/topic_text_video/lib/python3.10/site-packages/topic_text_video/topic_video_subscriber.py to topic_video_subscriber.cpython-310.pyc
[0.704s] byte-compiling /home/wstlxy/ROS2_Learning_copy/install/topic_text_video/lib/python3.10/site-packages/topic_text_video/topic_text_subscriber.py to topic_text_subscriber.cpython-310.pyc
[0.705s] byte-compiling /home/wstlxy/ROS2_Learning_copy/install/topic_text_video/lib/python3.10/site-packages/topic_text_video/topic_text_publisher.py to topic_text_publisher.cpython-310.pyc
[0.705s] byte-compiling /home/wstlxy/ROS2_Learning_copy/install/topic_text_video/lib/python3.10/site-packages/topic_text_video/topic_video_publisher.py to topic_video_publisher.cpython-310.pyc
[0.705s] byte-compiling /home/wstlxy/ROS2_Learning_copy/install/topic_text_video/lib/python3.10/site-packages/topic_text_video/__init__.py to __init__.cpython-310.pyc
[0.705s] running install_data
[0.706s] creating /home/wstlxy/ROS2_Learning_copy/install/topic_text_video/share/ament_index
[0.706s] creating /home/wstlxy/ROS2_Learning_copy/install/topic_text_video/share/ament_index/resource_index
[0.706s] creating /home/wstlxy/ROS2_Learning_copy/install/topic_text_video/share/ament_index/resource_index/packages
[0.706s] copying resource/topic_text_video -> /home/wstlxy/ROS2_Learning_copy/install/topic_text_video/share/ament_index/resource_index/packages
[0.706s] copying package.xml -> /home/wstlxy/ROS2_Learning_copy/install/topic_text_video/share/topic_text_video
[0.706s] running install_egg_info
[0.708s] Copying ../../build/topic_text_video/topic_text_video.egg-info to /home/wstlxy/ROS2_Learning_copy/install/topic_text_video/lib/python3.10/site-packages/topic_text_video-0.0.0-py3.10.egg-info
[0.710s] running install_scripts
[0.728s] Installing topic_text_publisher script to /home/wstlxy/ROS2_Learning_copy/install/topic_text_video/lib/topic_text_video
[0.728s] Installing topic_text_subscriber script to /home/wstlxy/ROS2_Learning_copy/install/topic_text_video/lib/topic_text_video
[0.728s] Installing topic_video_publisher script to /home/wstlxy/ROS2_Learning_copy/install/topic_text_video/lib/topic_text_video
[0.728s] Installing topic_video_subscriber script to /home/wstlxy/ROS2_Learning_copy/install/topic_text_video/lib/topic_text_video
[0.728s] writing list of installed files to '/home/wstlxy/ROS2_Learning_copy/build/topic_text_video/install.log'
[0.744s] Invoked command in '/home/wstlxy/ROS2_Learning_copy/src/topic_text_video' returned '0': PYTHONPATH=/home/wstlxy/ROS2_Learning_copy/build/topic_text_video/prefix_override:/usr/lib/python3/dist-packages/colcon_core/task/python/colcon_distutils_commands:/home/wstlxy/ROS2_Learning_copy/install/topic_text_video/lib/python3.10/site-packages:${PYTHONPATH} /usr/bin/python3 -W ignore:setup.py install is deprecated -W ignore:easy_install command is deprecated setup.py egg_info --egg-base ../../build/topic_text_video build --build-base /home/wstlxy/ROS2_Learning_copy/build/topic_text_video/build install --record /home/wstlxy/ROS2_Learning_copy/build/topic_text_video/install.log --single-version-externally-managed install_data
